mode: atomic
github.com/hairglasses-studio/ralphglasses/internal/process/childpids.go:14.38,16.19 2 111
github.com/hairglasses-studio/ralphglasses/internal/process/childpids.go:16.19,18.3 1 0
github.com/hairglasses-studio/ralphglasses/internal/process/childpids.go:19.2,19.38 1 111
github.com/hairglasses-studio/ralphglasses/internal/process/childpids.go:24.44,26.16 2 111
github.com/hairglasses-studio/ralphglasses/internal/process/childpids.go:26.16,28.3 1 1
github.com/hairglasses-studio/ralphglasses/internal/process/childpids.go:31.2,32.16 2 110
github.com/hairglasses-studio/ralphglasses/internal/process/childpids.go:32.16,34.3 1 110
github.com/hairglasses-studio/ralphglasses/internal/process/childpids.go:36.2,37.32 2 0
github.com/hairglasses-studio/ralphglasses/internal/process/childpids.go:37.32,39.36 2 0
github.com/hairglasses-studio/ralphglasses/internal/process/childpids.go:39.36,40.12 1 0
github.com/hairglasses-studio/ralphglasses/internal/process/childpids.go:42.3,44.17 3 0
github.com/hairglasses-studio/ralphglasses/internal/process/childpids.go:44.17,45.12 1 0
github.com/hairglasses-studio/ralphglasses/internal/process/childpids.go:49.3,51.33 3 0
github.com/hairglasses-studio/ralphglasses/internal/process/childpids.go:51.33,52.12 1 0
github.com/hairglasses-studio/ralphglasses/internal/process/childpids.go:54.3,55.22 2 0
github.com/hairglasses-studio/ralphglasses/internal/process/childpids.go:55.22,56.12 1 0
github.com/hairglasses-studio/ralphglasses/internal/process/childpids.go:58.3,59.17 2 0
github.com/hairglasses-studio/ralphglasses/internal/process/childpids.go:59.17,60.12 1 0
github.com/hairglasses-studio/ralphglasses/internal/process/childpids.go:62.3,62.19 1 0
github.com/hairglasses-studio/ralphglasses/internal/process/childpids.go:62.19,64.4 1 0
github.com/hairglasses-studio/ralphglasses/internal/process/childpids.go:66.2,66.21 1 0
github.com/hairglasses-studio/ralphglasses/internal/process/childpids.go:66.21,68.3 1 0
github.com/hairglasses-studio/ralphglasses/internal/process/childpids.go:69.2,69.17 1 0
github.com/hairglasses-studio/ralphglasses/internal/process/childpids_other.go:7.44,9.2 1 112
github.com/hairglasses-studio/ralphglasses/internal/process/logstream.go:15.42,17.2 1 17
github.com/hairglasses-studio/ralphglasses/internal/process/logstream.go:20.41,22.2 1 2
github.com/hairglasses-studio/ralphglasses/internal/process/logstream.go:31.54,32.24 1 4
github.com/hairglasses-studio/ralphglasses/internal/process/logstream.go:32.24,35.17 3 4
github.com/hairglasses-studio/ralphglasses/internal/process/logstream.go:35.17,37.4 1 1
github.com/hairglasses-studio/ralphglasses/internal/process/logstream.go:38.3,40.18 2 3
github.com/hairglasses-studio/ralphglasses/internal/process/logstream.go:40.18,41.59 1 2
github.com/hairglasses-studio/ralphglasses/internal/process/logstream.go:41.59,43.5 1 0
github.com/hairglasses-studio/ralphglasses/internal/process/logstream.go:46.3,48.22 3 3
github.com/hairglasses-studio/ralphglasses/internal/process/logstream.go:48.22,50.4 1 5
github.com/hairglasses-studio/ralphglasses/internal/process/logstream.go:52.3,55.35 3 3
github.com/hairglasses-studio/ralphglasses/internal/process/logstream.go:60.53,63.16 3 5
github.com/hairglasses-studio/ralphglasses/internal/process/logstream.go:63.16,65.3 1 1
github.com/hairglasses-studio/ralphglasses/internal/process/logstream.go:66.2,72.21 6 4
github.com/hairglasses-studio/ralphglasses/internal/process/logstream.go:72.21,74.3 1 105
github.com/hairglasses-studio/ralphglasses/internal/process/logstream.go:75.2,75.29 1 4
github.com/hairglasses-studio/ralphglasses/internal/process/manager.go:41.59,42.24 1 0
github.com/hairglasses-studio/ralphglasses/internal/process/manager.go:42.24,44.3 1 0
github.com/hairglasses-studio/ralphglasses/internal/process/manager.go:91.28,99.2 1 90
github.com/hairglasses-studio/ralphglasses/internal/process/manager.go:102.50,111.2 1 0
github.com/hairglasses-studio/ralphglasses/internal/process/manager.go:114.42,115.24 1 68
github.com/hairglasses-studio/ralphglasses/internal/process/manager.go:115.24,117.3 1 0
github.com/hairglasses-studio/ralphglasses/internal/process/manager.go:118.2,118.22 1 68
github.com/hairglasses-studio/ralphglasses/internal/process/manager.go:123.54,125.2 1 1
github.com/hairglasses-studio/ralphglasses/internal/process/manager.go:129.52,131.2 1 2
github.com/hairglasses-studio/ralphglasses/internal/process/manager.go:134.42,136.2 1 191
github.com/hairglasses-studio/ralphglasses/internal/process/manager.go:139.51,141.47 2 109
github.com/hairglasses-studio/ralphglasses/internal/process/manager.go:141.47,143.3 1 0
github.com/hairglasses-studio/ralphglasses/internal/process/manager.go:144.2,144.82 1 109
github.com/hairglasses-studio/ralphglasses/internal/process/manager.go:148.37,149.80 1 67
github.com/hairglasses-studio/ralphglasses/internal/process/manager.go:149.80,151.3 1 0
github.com/hairglasses-studio/ralphglasses/internal/process/manager.go:155.39,157.16 2 15
github.com/hairglasses-studio/ralphglasses/internal/process/manager.go:157.16,159.3 1 5
github.com/hairglasses-studio/ralphglasses/internal/process/manager.go:160.2,161.28 2 10
github.com/hairglasses-studio/ralphglasses/internal/process/manager.go:161.28,163.3 1 4
github.com/hairglasses-studio/ralphglasses/internal/process/manager.go:164.2,164.12 1 6
github.com/hairglasses-studio/ralphglasses/internal/process/manager.go:168.35,170.16 2 51
github.com/hairglasses-studio/ralphglasses/internal/process/manager.go:170.16,172.3 1 0
github.com/hairglasses-studio/ralphglasses/internal/process/manager.go:174.2,174.46 1 51
github.com/hairglasses-studio/ralphglasses/internal/process/manager.go:179.51,184.37 4 8
github.com/hairglasses-studio/ralphglasses/internal/process/manager.go:184.37,185.37 1 8
github.com/hairglasses-studio/ralphglasses/internal/process/manager.go:185.37,186.12 1 1
github.com/hairglasses-studio/ralphglasses/internal/process/manager.go:188.3,189.15 2 7
github.com/hairglasses-studio/ralphglasses/internal/process/manager.go:189.15,190.12 1 4
github.com/hairglasses-studio/ralphglasses/internal/process/manager.go:192.3,192.27 1 3
github.com/hairglasses-studio/ralphglasses/internal/process/manager.go:192.27,194.12 2 2
github.com/hairglasses-studio/ralphglasses/internal/process/manager.go:196.3,200.14 2 1
github.com/hairglasses-studio/ralphglasses/internal/process/manager.go:202.2,202.18 1 8
github.com/hairglasses-studio/ralphglasses/internal/process/manager.go:208.69,212.36 3 54
github.com/hairglasses-studio/ralphglasses/internal/process/manager.go:212.36,214.3 1 1
github.com/hairglasses-studio/ralphglasses/internal/process/manager.go:217.2,218.47 2 53
github.com/hairglasses-studio/ralphglasses/internal/process/manager.go:218.47,220.3 1 1
github.com/hairglasses-studio/ralphglasses/internal/process/manager.go:221.2,225.36 4 52
github.com/hairglasses-studio/ralphglasses/internal/process/manager.go:225.36,227.3 1 0
github.com/hairglasses-studio/ralphglasses/internal/process/manager.go:229.2,230.52 2 52
github.com/hairglasses-studio/ralphglasses/internal/process/manager.go:230.52,232.3 1 0
github.com/hairglasses-studio/ralphglasses/internal/process/manager.go:234.2,237.18 2 52
github.com/hairglasses-studio/ralphglasses/internal/process/manager.go:237.18,243.3 1 0
github.com/hairglasses-studio/ralphglasses/internal/process/manager.go:246.2,249.12 3 52
github.com/hairglasses-studio/ralphglasses/internal/process/manager.go:255.77,256.6 1 52
github.com/hairglasses-studio/ralphglasses/internal/process/manager.go:256.6,260.21 4 109
github.com/hairglasses-studio/ralphglasses/internal/process/manager.go:260.21,262.4 1 106
github.com/hairglasses-studio/ralphglasses/internal/process/manager.go:263.3,263.30 1 109
github.com/hairglasses-studio/ralphglasses/internal/process/manager.go:263.30,265.4 1 109
github.com/hairglasses-studio/ralphglasses/internal/process/manager.go:266.3,278.17 8 109
github.com/hairglasses-studio/ralphglasses/internal/process/manager.go:278.17,279.16 1 23
github.com/hairglasses-studio/ralphglasses/internal/process/manager.go:284.3,284.56 1 86
github.com/hairglasses-studio/ralphglasses/internal/process/manager.go:284.56,287.78 3 68
github.com/hairglasses-studio/ralphglasses/internal/process/manager.go:287.78,302.25 6 57
github.com/hairglasses-studio/ralphglasses/internal/process/manager.go:302.25,304.18 1 0
github.com/hairglasses-studio/ralphglasses/internal/process/manager.go:311.5,313.29 3 57
github.com/hairglasses-studio/ralphglasses/internal/process/manager.go:313.29,315.18 2 0
github.com/hairglasses-studio/ralphglasses/internal/process/manager.go:317.5,325.42 6 57
github.com/hairglasses-studio/ralphglasses/internal/process/manager.go:325.42,328.6 1 0
github.com/hairglasses-studio/ralphglasses/internal/process/manager.go:328.11,330.53 2 57
github.com/hairglasses-studio/ralphglasses/internal/process/manager.go:330.53,332.7 1 0
github.com/hairglasses-studio/ralphglasses/internal/process/manager.go:334.6,339.63 2 57
github.com/hairglasses-studio/ralphglasses/internal/process/manager.go:339.63,346.7 1 57
github.com/hairglasses-studio/ralphglasses/internal/process/manager.go:346.12,350.19 3 0
github.com/hairglasses-studio/ralphglasses/internal/process/manager.go:352.6,355.22 2 57
github.com/hairglasses-studio/ralphglasses/internal/process/manager.go:355.22,366.7 1 0
github.com/hairglasses-studio/ralphglasses/internal/process/manager.go:369.6,370.14 2 57
github.com/hairglasses-studio/ralphglasses/internal/process/manager.go:372.10,374.5 1 11
github.com/hairglasses-studio/ralphglasses/internal/process/manager.go:379.3,386.21 6 52
github.com/hairglasses-studio/ralphglasses/internal/process/manager.go:386.21,388.36 2 49
github.com/hairglasses-studio/ralphglasses/internal/process/manager.go:388.36,390.5 1 49
github.com/hairglasses-studio/ralphglasses/internal/process/manager.go:390.10,392.5 1 0
github.com/hairglasses-studio/ralphglasses/internal/process/manager.go:394.3,394.10 1 52
github.com/hairglasses-studio/ralphglasses/internal/process/manager.go:395.91,395.91 0 52
github.com/hairglasses-studio/ralphglasses/internal/process/manager.go:396.11,396.11 0 0
github.com/hairglasses-studio/ralphglasses/internal/process/manager.go:400.3,400.19 1 52
github.com/hairglasses-studio/ralphglasses/internal/process/manager.go:400.19,401.11 1 14
github.com/hairglasses-studio/ralphglasses/internal/process/manager.go:402.114,402.114 0 14
github.com/hairglasses-studio/ralphglasses/internal/process/manager.go:403.12,403.12 0 0
github.com/hairglasses-studio/ralphglasses/internal/process/manager.go:408.3,408.19 1 52
github.com/hairglasses-studio/ralphglasses/internal/process/manager.go:408.19,415.4 1 0
github.com/hairglasses-studio/ralphglasses/internal/process/manager.go:417.3,417.9 1 52
github.com/hairglasses-studio/ralphglasses/internal/process/manager.go:438.13,439.52 1 1
github.com/hairglasses-studio/ralphglasses/internal/process/manager.go:439.52,439.85 1 43
github.com/hairglasses-studio/ralphglasses/internal/process/manager.go:440.2,446.28 5 1
github.com/hairglasses-studio/ralphglasses/internal/process/manager.go:450.49,452.2 1 58
github.com/hairglasses-studio/ralphglasses/internal/process/manager.go:455.53,457.2 1 14
github.com/hairglasses-studio/ralphglasses/internal/process/manager.go:460.28,462.2 1 65
github.com/hairglasses-studio/ralphglasses/internal/process/manager.go:465.36,467.2 1 12
github.com/hairglasses-studio/ralphglasses/internal/process/manager.go:470.31,472.2 1 112
github.com/hairglasses-studio/ralphglasses/internal/process/manager.go:475.41,477.2 1 23
github.com/hairglasses-studio/ralphglasses/internal/process/manager.go:480.52,482.16 2 11
github.com/hairglasses-studio/ralphglasses/internal/process/manager.go:482.16,485.3 2 1
github.com/hairglasses-studio/ralphglasses/internal/process/manager.go:486.2,486.33 1 10
github.com/hairglasses-studio/ralphglasses/internal/process/manager.go:495.68,498.9 3 40
github.com/hairglasses-studio/ralphglasses/internal/process/manager.go:498.9,501.3 2 16
github.com/hairglasses-studio/ralphglasses/internal/process/manager.go:502.2,514.15 6 24
github.com/hairglasses-studio/ralphglasses/internal/process/manager.go:514.15,517.3 2 1
github.com/hairglasses-studio/ralphglasses/internal/process/manager.go:518.2,521.12 3 24
github.com/hairglasses-studio/ralphglasses/internal/process/manager.go:521.12,525.3 2 24
github.com/hairglasses-studio/ralphglasses/internal/process/manager.go:526.2,526.12 1 24
github.com/hairglasses-studio/ralphglasses/internal/process/manager.go:530.47,531.24 1 27
github.com/hairglasses-studio/ralphglasses/internal/process/manager.go:531.24,533.3 1 2
github.com/hairglasses-studio/ralphglasses/internal/process/manager.go:534.2,534.22 1 25
github.com/hairglasses-studio/ralphglasses/internal/process/manager.go:539.83,540.20 1 27
github.com/hairglasses-studio/ralphglasses/internal/process/manager.go:540.20,542.3 1 2
github.com/hairglasses-studio/ralphglasses/internal/process/manager.go:543.2,543.24 1 25
github.com/hairglasses-studio/ralphglasses/internal/process/manager.go:552.71,553.18 1 29
github.com/hairglasses-studio/ralphglasses/internal/process/manager.go:553.18,555.3 1 0
github.com/hairglasses-studio/ralphglasses/internal/process/manager.go:558.2,558.18 1 29
github.com/hairglasses-studio/ralphglasses/internal/process/manager.go:558.18,560.3 1 28
github.com/hairglasses-studio/ralphglasses/internal/process/manager.go:563.2,566.33 2 29
github.com/hairglasses-studio/ralphglasses/internal/process/manager.go:566.33,567.20 1 5
github.com/hairglasses-studio/ralphglasses/internal/process/manager.go:567.20,569.4 1 4
github.com/hairglasses-studio/ralphglasses/internal/process/manager.go:573.2,577.28 3 26
github.com/hairglasses-studio/ralphglasses/internal/process/manager.go:577.28,578.17 1 31
github.com/hairglasses-studio/ralphglasses/internal/process/manager.go:578.17,580.4 1 26
github.com/hairglasses-studio/ralphglasses/internal/process/manager.go:585.73,590.9 4 4
github.com/hairglasses-studio/ralphglasses/internal/process/manager.go:590.9,592.3 1 2
github.com/hairglasses-studio/ralphglasses/internal/process/manager.go:594.2,594.15 1 2
github.com/hairglasses-studio/ralphglasses/internal/process/manager.go:594.15,596.17 2 1
github.com/hairglasses-studio/ralphglasses/internal/process/manager.go:596.17,598.4 1 1
github.com/hairglasses-studio/ralphglasses/internal/process/manager.go:599.3,599.20 1 1
github.com/hairglasses-studio/ralphglasses/internal/process/manager.go:602.2,603.16 2 1
github.com/hairglasses-studio/ralphglasses/internal/process/manager.go:603.16,605.3 1 1
github.com/hairglasses-studio/ralphglasses/internal/process/manager.go:606.2,606.18 1 1
github.com/hairglasses-studio/ralphglasses/internal/process/manager.go:610.51,615.2 4 106
github.com/hairglasses-studio/ralphglasses/internal/process/manager.go:618.50,623.2 4 5
github.com/hairglasses-studio/ralphglasses/internal/process/manager.go:627.67,631.2 3 0
github.com/hairglasses-studio/ralphglasses/internal/process/manager.go:636.48,640.32 3 11
github.com/hairglasses-studio/ralphglasses/internal/process/manager.go:640.32,645.3 4 10
github.com/hairglasses-studio/ralphglasses/internal/process/manager.go:649.51,653.9 4 5
github.com/hairglasses-studio/ralphglasses/internal/process/manager.go:653.9,655.3 1 2
github.com/hairglasses-studio/ralphglasses/internal/process/manager.go:656.2,656.15 1 3
github.com/hairglasses-studio/ralphglasses/internal/process/manager.go:660.71,664.9 4 4
github.com/hairglasses-studio/ralphglasses/internal/process/manager.go:664.9,666.3 1 1
github.com/hairglasses-studio/ralphglasses/internal/process/manager.go:667.2,667.32 1 3
github.com/hairglasses-studio/ralphglasses/internal/process/manager.go:671.49,673.37 2 3
github.com/hairglasses-studio/ralphglasses/internal/process/manager.go:673.37,675.15 2 5
github.com/hairglasses-studio/ralphglasses/internal/process/manager.go:675.15,676.12 1 2
github.com/hairglasses-studio/ralphglasses/internal/process/manager.go:678.3,678.27 1 3
github.com/hairglasses-studio/ralphglasses/internal/process/manager.go:678.27,681.4 2 2
github.com/hairglasses-studio/ralphglasses/internal/process/manager.go:683.2,683.16 1 3
github.com/hairglasses-studio/ralphglasses/internal/process/manager.go:687.43,691.25 4 5
github.com/hairglasses-studio/ralphglasses/internal/process/manager.go:691.25,693.3 1 3
github.com/hairglasses-studio/ralphglasses/internal/process/manager.go:694.2,694.14 1 5
github.com/hairglasses-studio/ralphglasses/internal/process/orphans.go:21.13,25.25 3 1
github.com/hairglasses-studio/ralphglasses/internal/process/orphans.go:25.25,27.3 1 21
github.com/hairglasses-studio/ralphglasses/internal/process/orphans.go:28.2,28.30 1 1
github.com/hairglasses-studio/ralphglasses/internal/process/orphans.go:32.41,34.2 1 26
github.com/hairglasses-studio/ralphglasses/internal/process/orphans.go:37.42,39.2 1 10
github.com/hairglasses-studio/ralphglasses/internal/process/orphans.go:42.34,44.2 1 27
github.com/hairglasses-studio/ralphglasses/internal/process/orphans.go:47.35,49.2 1 10
github.com/hairglasses-studio/ralphglasses/internal/process/orphans.go:54.37,55.29 1 21
github.com/hairglasses-studio/ralphglasses/internal/process/orphans.go:55.29,57.3 1 0
github.com/hairglasses-studio/ralphglasses/internal/process/orphans.go:58.2,58.35 1 21
github.com/hairglasses-studio/ralphglasses/internal/process/orphans.go:61.42,63.16 2 0
github.com/hairglasses-studio/ralphglasses/internal/process/orphans.go:63.16,65.3 1 0
github.com/hairglasses-studio/ralphglasses/internal/process/orphans.go:66.2,67.28 2 0
github.com/hairglasses-studio/ralphglasses/internal/process/orphans.go:67.28,68.17 1 0
github.com/hairglasses-studio/ralphglasses/internal/process/orphans.go:68.17,69.12 1 0
github.com/hairglasses-studio/ralphglasses/internal/process/orphans.go:71.3,72.17 2 0
github.com/hairglasses-studio/ralphglasses/internal/process/orphans.go:72.17,73.12 1 0
github.com/hairglasses-studio/ralphglasses/internal/process/orphans.go:75.3,76.17 2 0
github.com/hairglasses-studio/ralphglasses/internal/process/orphans.go:76.17,77.12 1 0
github.com/hairglasses-studio/ralphglasses/internal/process/orphans.go:80.3,81.41 2 0
github.com/hairglasses-studio/ralphglasses/internal/process/orphans.go:81.41,83.4 1 0
github.com/hairglasses-studio/ralphglasses/internal/process/orphans.go:85.2,85.13 1 0
github.com/hairglasses-studio/ralphglasses/internal/process/orphans.go:88.39,90.16 2 21
github.com/hairglasses-studio/ralphglasses/internal/process/orphans.go:90.16,92.3 1 0
github.com/hairglasses-studio/ralphglasses/internal/process/orphans.go:93.2,94.56 2 21
github.com/hairglasses-studio/ralphglasses/internal/process/orphans.go:94.56,96.22 2 16045
github.com/hairglasses-studio/ralphglasses/internal/process/orphans.go:96.22,97.12 1 21
github.com/hairglasses-studio/ralphglasses/internal/process/orphans.go:99.3,100.17 2 16024
github.com/hairglasses-studio/ralphglasses/internal/process/orphans.go:100.17,101.12 1 21
github.com/hairglasses-studio/ralphglasses/internal/process/orphans.go:103.3,103.43 1 16003
github.com/hairglasses-studio/ralphglasses/internal/process/orphans.go:103.43,105.4 1 21
github.com/hairglasses-studio/ralphglasses/internal/process/orphans.go:107.2,107.13 1 21
github.com/hairglasses-studio/ralphglasses/internal/process/orphans.go:112.44,114.23 2 26
github.com/hairglasses-studio/ralphglasses/internal/process/orphans.go:114.23,116.3 1 1
github.com/hairglasses-studio/ralphglasses/internal/process/orphans.go:118.2,120.29 3 25
github.com/hairglasses-studio/ralphglasses/internal/process/orphans.go:120.29,122.3 1 4
github.com/hairglasses-studio/ralphglasses/internal/process/orphans.go:123.2,125.30 2 25
github.com/hairglasses-studio/ralphglasses/internal/process/orphans.go:125.30,126.18 1 31
github.com/hairglasses-studio/ralphglasses/internal/process/orphans.go:126.18,128.4 1 27
github.com/hairglasses-studio/ralphglasses/internal/process/watcher.go:25.51,26.24 1 7
github.com/hairglasses-studio/ralphglasses/internal/process/watcher.go:26.24,28.17 2 7
github.com/hairglasses-studio/ralphglasses/internal/process/watcher.go:28.17,30.4 1 0
github.com/hairglasses-studio/ralphglasses/internal/process/watcher.go:31.3,31.46 1 7
github.com/hairglasses-studio/ralphglasses/internal/process/watcher.go:37.78,39.31 2 8
github.com/hairglasses-studio/ralphglasses/internal/process/watcher.go:39.31,41.47 2 7
github.com/hairglasses-studio/ralphglasses/internal/process/watcher.go:41.47,43.4 1 1
github.com/hairglasses-studio/ralphglasses/internal/process/watcher.go:46.2,46.60 1 8
github.com/hairglasses-studio/ralphglasses/internal/process/watcher.go:46.60,49.3 2 1
github.com/hairglasses-studio/ralphglasses/internal/process/watcher.go:52.2,52.6 1 7
github.com/hairglasses-studio/ralphglasses/internal/process/watcher.go:52.6,53.10 1 10
github.com/hairglasses-studio/ralphglasses/internal/process/watcher.go:54.38,55.11 1 8
github.com/hairglasses-studio/ralphglasses/internal/process/watcher.go:55.11,57.5 1 1
github.com/hairglasses-studio/ralphglasses/internal/process/watcher.go:58.4,58.63 1 7
github.com/hairglasses-studio/ralphglasses/internal/process/watcher.go:58.63,60.93 2 5
github.com/hairglasses-studio/ralphglasses/internal/process/watcher.go:60.93,64.6 3 4
github.com/hairglasses-studio/ralphglasses/internal/process/watcher.go:66.41,68.11 2 0
github.com/hairglasses-studio/ralphglasses/internal/process/watcher.go:68.11,70.5 1 0
github.com/hairglasses-studio/ralphglasses/internal/process/watcher.go:71.4,71.69 1 0
github.com/hairglasses-studio/ralphglasses/internal/process/watcher.go:72.38,74.92 2 1
